[debug] [2018-05-15T02:49:29.699Z] ----------------------------------------------------------------------
[debug] [2018-05-15T02:49:29.701Z] Command:       /usr/local/bin/node /usr/local/bin/firebase deploy
[debug] [2018-05-15T02:49:29.702Z] CLI Version:   3.18.4
[debug] [2018-05-15T02:49:29.702Z] Platform:      darwin
[debug] [2018-05-15T02:49:29.702Z] Node Version:  v6.10.3
[debug] [2018-05-15T02:49:29.702Z] Time:          Mon May 14 2018 20:49:29 GMT-0600 (MDT)
[debug] [2018-05-15T02:49:29.702Z] ----------------------------------------------------------------------
[debug] 
[debug] [2018-05-15T02:49:29.718Z] > command requires scopes: ["email","openid","https://www.googleapis.com/auth/cloudplatformprojects.readonly","https://www.googleapis.com/auth/firebase","https://www.googleapis.com/auth/cloud-platform"]
[debug] [2018-05-15T02:49:29.718Z] > authorizing via signed-in user
[debug] [2018-05-15T02:49:29.720Z] > refreshing access token with scopes: ["email","https://www.googleapis.com/auth/cloud-platform","https://www.googleapis.com/auth/cloudplatformprojects.readonly","https://www.googleapis.com/auth/firebase","openid"]
[debug] [2018-05-15T02:49:29.720Z] >>> HTTP REQUEST POST https://www.googleapis.com/oauth2/v3/token  
 { refresh_token: '1/munkSt_55Xq2ybf0gzk4ckpszAJyD86tTvW6CgZbeXiLuInzoblEa3vKquCVOml-',
  client_id: '563584335869-fgrhgmd47bqnekij5i8b5pr03ho849e6.apps.googleusercontent.com',
  client_secret: 'j9iVZfS8kkCEFUPaAeJV0sAi',
  grant_type: 'refresh_token',
  scope: 'email https://www.googleapis.com/auth/cloud-platform https://www.googleapis.com/auth/cloudplatformprojects.readonly https://www.googleapis.com/auth/firebase openid' } 
 Mon May 14 2018 20:49:29 GMT-0600 (MDT)
[debug] [2018-05-15T02:49:29.950Z] <<< HTTP RESPONSE 200
[debug] [2018-05-15T02:49:29.955Z] >>> HTTP REQUEST GET https://admin.firebase.com/v1/projects/ljonesportfolio-xc90  
  
 Mon May 14 2018 20:49:29 GMT-0600 (MDT)
[debug] [2018-05-15T02:49:30.473Z] <<< HTTP RESPONSE 200
[debug] [2018-05-15T02:49:30.474Z] >>> HTTP REQUEST GET https://admin.firebase.com/v1/database/ljonesportfolio-xc90/tokens  
  
 Mon May 14 2018 20:49:30 GMT-0600 (MDT)
[debug] [2018-05-15T02:49:31.059Z] <<< HTTP RESPONSE 200
[info] 
[info] === Deploying to 'ljonesportfolio-xc90'...
[info] 
[info] i  deploying hosting
[info] i  hosting: preparing . directory for upload...
[debug] [2018-05-15T02:49:42.649Z] >>> HTTP REQUEST PUT https://deploy.firebase.com/v1/hosting/ljonesportfolio-xc90/uploads/-LCWgyhUFUoWg7Us2UEY?fileCount=369&message=  
  
 Mon May 14 2018 20:49:42 GMT-0600 (MDT)
